<?xml version="1.0" encoding="UTF-8"?>
<!-- Generated by org.testng.reporters.JUnitReportReporter -->
<testsuite hostname="DESKTOP-TBGH0BT" failures="0" tests="1" name="ApplicationPages.LandingPageTest" time="2.553" errors="0" timestamp="16 Jun 2021 14:41:26 GMT" skipped="0">
  <testcase classname="ApplicationPages.LandingPageTest" name="ValidateClickSignIn" time="2.553"/>
</testsuite> <!-- ApplicationPages.LandingPageTest -->
