<?xml version="1.0" encoding="UTF-8"?>
<!-- Generated by org.testng.reporters.JUnitReportReporter -->
<testsuite hostname="DESKTOP-TBGH0BT" failures="0" tests="2" name="ApplicationPages.HomePageTest" time="5.041" errors="0" timestamp="23 Jul 2021 18:01:32 GMT" skipped="0">
  <testcase classname="ApplicationPages.HomePageTest" name="ValidateWomenShoppingPageisDisplayed" time="3.349"/>
  <testcase classname="ApplicationPages.HomePageTest" name="ValidateTheHeaderOptions" time="1.692"/>
</testsuite> <!-- ApplicationPages.HomePageTest -->
